[18-11,11:51][Core[ae856e9d-0876-456d-bc71-66e624a3ed13]] No such swarm: CodeUpdate.js[18-11,11:51][Core[ae856e9d-0876-456d-bc71-66e624a3ed13]] No such swarm: log.js[18-11,11:51][Core[ae856e9d-0876-456d-bc71-66e624a3ed13]] No such swarm: log.js[18-11,11:51][Core[ae856e9d-0876-456d-bc71-66e624a3ed13]] Error starting new swarm log.js ctor:err
     Err: TypeError: Cannot set property 'processIdentity' of undefined
     Stack: TypeError: Cannot set property 'processIdentity' of undefined
    at startSwarm (c:\work\node_modules\SwarmCore\lib\Adapter.js:216:41)
    at logErr (c:\work\node_modules\SwarmCore\lib\SwarmCore.js:278:17)
    at new SwarmingPhase (c:\work\node_modules\SwarmCore\lib\SwarmingPhase.js:17:9)
    at exports.newSwarmPhase (c:\work\node_modules\SwarmCore\lib\SwarmingPhase.js:164:12)
    at startSwarm (c:\work\node_modules\SwarmCore\lib\Adapter.js:210:24)
    at logErr (c:\work\node_modules\SwarmCore\lib\SwarmCore.js:278:17)
    at new SwarmingPhase (c:\work\node_modules\SwarmCore\lib\SwarmingPhase.js:17:9)
    at exports.newSwarmPhase (c:\work\node_modules\SwarmCore\lib\SwarmingPhase.js:164:12)
    at startSwarm (c:\work\node_modules\SwarmCore\lib\Adapter.js:210:24)
    at FSWatcher.<anonymous> (c:\work\node_modules\SwarmCore\com\redisComImpl.js:225:29)
[18-11,11:51][Core[ae856e9d-0876-456d-bc71-66e624a3ed13]] Error starting new swarm log.js ctor:err
     Err: TypeError: Cannot set property 'processIdentity' of undefined
     Stack: TypeError: Cannot set property 'processIdentity' of undefined
    at startSwarm (c:\work\node_modules\SwarmCore\lib\Adapter.js:216:41)
    at logErr (c:\work\node_modules\SwarmCore\lib\SwarmCore.js:278:17)
    at new SwarmingPhase (c:\work\node_modules\SwarmCore\lib\SwarmingPhase.js:17:9)
    at exports.newSwarmPhase (c:\work\node_modules\SwarmCore\lib\SwarmingPhase.js:164:12)
    at startSwarm (c:\work\node_modules\SwarmCore\lib\Adapter.js:210:24)
    at FSWatcher.<anonymous> (c:\work\node_modules\SwarmCore\com\redisComImpl.js:225:29)
    at FSWatcher.EventEmitter.emit (events.js:98:17)
    at FSEvent.FSWatcher._handle.onchange (fs.js:1039:12)
[18-11,11:51][Core[ae856e9d-0876-456d-bc71-66e624a3ed13]] Error starting new swarm CodeUpdate.js ctor:swarmChanged
     Err: TypeError: Cannot set property 'processIdentity' of undefined
     Stack: TypeError: Cannot set property 'processIdentity' of undefined
    at startSwarm (c:\work\node_modules\SwarmCore\lib\Adapter.js:216:41)
    at FSWatcher.<anonymous> (c:\work\node_modules\SwarmCore\com\redisComImpl.js:225:29)
    at FSWatcher.EventEmitter.emit (events.js:98:17)
    at FSEvent.FSWatcher._handle.onchange (fs.js:1039:12)
[18-11,11:51][Core[ae856e9d-0876-456d-bc71-66e624a3ed13]] No such swarm: CodeUpdate.js[18-11,11:51][Core[ae856e9d-0876-456d-bc71-66e624a3ed13]] Error starting new swarm CodeUpdate.js ctor:swarmChanged
     Err: TypeError: Cannot set property 'processIdentity' of undefined
     Stack: TypeError: Cannot set property 'processIdentity' of undefined
    at startSwarm (c:\work\node_modules\SwarmCore\lib\Adapter.js:216:41)
    at FSWatcher.<anonymous> (c:\work\node_modules\SwarmCore\com\redisComImpl.js:225:29)
    at FSWatcher.EventEmitter.emit (events.js:98:17)
    at FSEvent.FSWatcher._handle.onchange (fs.js:1039:12)
[18-11,11:51][Core[ae856e9d-0876-456d-bc71-66e624a3ed13]] No such swarm: CodeUpdate.js[18-11,11:51][Core[ae856e9d-0876-456d-bc71-66e624a3ed13]] Error starting new swarm CodeUpdate.js ctor:swarmChanged
     Err: TypeError: Cannot set property 'processIdentity' of undefined
     Stack: TypeError: Cannot set property 'processIdentity' of undefined
    at startSwarm (c:\work\node_modules\SwarmCore\lib\Adapter.js:216:41)
    at FSWatcher.<anonymous> (c:\work\node_modules\SwarmCore\com\redisComImpl.js:225:29)
    at FSWatcher.EventEmitter.emit (events.js:98:17)
    at FSEvent.FSWatcher._handle.onchange (fs.js:1039:12)
