[17-11,17:38][Core[d8a5da73-698e-4676-8e28-b0cd88d04467]] uncaughtException
     Err: ReferenceError: redisReady is not defined
     Stack: ReferenceError: redisReady is not defined
    at RedisComImpl.uploadDescriptions (c:\work\node_modules\SwarmCore\com\redisComImpl.js:202:12)
    at Object.<anonymous> (c:\work\node_modules\SwarmCore\etc\adapters\Core.js:7:30)
    at Module._compile (module.js:456:26)
    at Object.Module._extensions..js (module.js:474:10)
    at Module.load (module.js:356:32)
    at Function.Module._load (module.js:312:12)
    at Function.Module.runMain (module.js:497:10)
    at startup (node.js:119:16)
    at node.js:902:3
[17-11,17:38][Core[d8a5da73-698e-4676-8e28-b0cd88d04467]] Error starting new swarm log.js ctor:err
     Err: ReferenceError: util is not defined
     Stack: ReferenceError: util is not defined
    at startSwarm (c:\work\node_modules\SwarmCore\lib\Adapter.js:210:24)
    at logErr (c:\work\node_modules\SwarmCore\lib\SwarmCore.js:278:17)
    at process.<anonymous> (c:\work\node_modules\SwarmCore\lib\SwarmCore.js:354:9)
    at process.EventEmitter.emit (events.js:95:17)
    at process._fatalException (node.js:272:26)
[17-11,17:38][Core[d8a5da73-698e-4676-8e28-b0cd88d04467]] Error starting new swarm log.js ctor:err
     Err: ReferenceError: util is not defined
     Stack: ReferenceError: util is not defined
    at startSwarm (c:\work\node_modules\SwarmCore\lib\Adapter.js:210:24)
    at logErr (c:\work\node_modules\SwarmCore\lib\SwarmCore.js:278:17)
    at startSwarm (c:\work\node_modules\SwarmCore\lib\Adapter.js:240:9)
    at logErr (c:\work\node_modules\SwarmCore\lib\SwarmCore.js:278:17)
    at process.<anonymous> (c:\work\node_modules\SwarmCore\lib\SwarmCore.js:354:9)
    at process.EventEmitter.emit (events.js:95:17)
    at process._fatalException (node.js:272:26)
