[18-11,13:40][Core[ba6c430a-f5a7-4a16-b11e-a1a9ce7314c9]] Error starting new swarm CodeUpdate.js ctor:swarmChanged
     Err: TypeError: Cannot read property 'tenantId' of null
     Stack: TypeError: Cannot read property 'tenantId' of null
    at getCurrentTenant (c:\work\node_modules\SwarmCore\lib\SwarmCore.js:156:28)
    at startSwarm (c:\work\node_modules\SwarmCore\lib\Adapter.js:218:43)
    at FSWatcher.<anonymous> (c:\work\node_modules\SwarmCore\com\redisComImpl.js:224:29)
    at FSWatcher.EventEmitter.emit (events.js:98:17)
    at FSEvent.FSWatcher._handle.onchange (fs.js:1039:12)
[18-11,13:40][Core[ba6c430a-f5a7-4a16-b11e-a1a9ce7314c9]] Error starting new swarm log.js ctor:err
     Err: TypeError: Cannot read property 'tenantId' of null
     Stack: TypeError: Cannot read property 'tenantId' of null
    at getCurrentTenant (c:\work\node_modules\SwarmCore\lib\SwarmCore.js:156:28)
    at startSwarm (c:\work\node_modules\SwarmCore\lib\Adapter.js:218:43)
    at logErr (c:\work\node_modules\SwarmCore\lib\SwarmCore.js:282:17)
    at startSwarm (c:\work\node_modules\SwarmCore\lib\Adapter.js:240:9)
    at FSWatcher.<anonymous> (c:\work\node_modules\SwarmCore\com\redisComImpl.js:224:29)
    at FSWatcher.EventEmitter.emit (events.js:98:17)
    at FSEvent.FSWatcher._handle.onchange (fs.js:1039:12)
[18-11,13:40][Core[ba6c430a-f5a7-4a16-b11e-a1a9ce7314c9]] Error starting new swarm log.js ctor:err
     Err: TypeError: Cannot read property 'tenantId' of null
     Stack: TypeError: Cannot read property 'tenantId' of null
    at getCurrentTenant (c:\work\node_modules\SwarmCore\lib\SwarmCore.js:156:28)
    at startSwarm (c:\work\node_modules\SwarmCore\lib\Adapter.js:218:43)
    at logErr (c:\work\node_modules\SwarmCore\lib\SwarmCore.js:282:17)
    at startSwarm (c:\work\node_modules\SwarmCore\lib\Adapter.js:240:9)
    at logErr (c:\work\node_modules\SwarmCore\lib\SwarmCore.js:282:17)
    at startSwarm (c:\work\node_modules\SwarmCore\lib\Adapter.js:240:9)
    at FSWatcher.<anonymous> (c:\work\node_modules\SwarmCore\com\redisComImpl.js:224:29)
    at FSWatcher.EventEmitter.emit (events.js:98:17)
    at FSEvent.FSWatcher._handle.onchange (fs.js:1039:12)
[18-11,13:40][Core[ba6c430a-f5a7-4a16-b11e-a1a9ce7314c9]] Error starting new swarm CodeUpdate.js ctor:swarmChanged
     Err: TypeError: Cannot read property 'tenantId' of null
     Stack: TypeError: Cannot read property 'tenantId' of null
    at getCurrentTenant (c:\work\node_modules\SwarmCore\lib\SwarmCore.js:156:28)
    at startSwarm (c:\work\node_modules\SwarmCore\lib\Adapter.js:218:43)
    at FSWatcher.<anonymous> (c:\work\node_modules\SwarmCore\com\redisComImpl.js:224:29)
    at FSWatcher.EventEmitter.emit (events.js:98:17)
    at FSEvent.FSWatcher._handle.onchange (fs.js:1039:12)
[18-11,13:40][Core[ba6c430a-f5a7-4a16-b11e-a1a9ce7314c9]] Error starting new swarm log.js ctor:err
     Err: TypeError: Cannot read property 'tenantId' of null
     Stack: TypeError: Cannot read property 'tenantId' of null
    at getCurrentTenant (c:\work\node_modules\SwarmCore\lib\SwarmCore.js:156:28)
    at startSwarm (c:\work\node_modules\SwarmCore\lib\Adapter.js:218:43)
    at logErr (c:\work\node_modules\SwarmCore\lib\SwarmCore.js:282:17)
    at startSwarm (c:\work\node_modules\SwarmCore\lib\Adapter.js:240:9)
    at FSWatcher.<anonymous> (c:\work\node_modules\SwarmCore\com\redisComImpl.js:224:29)
    at FSWatcher.EventEmitter.emit (events.js:98:17)
    at FSEvent.FSWatcher._handle.onchange (fs.js:1039:12)
[18-11,13:40][Core[ba6c430a-f5a7-4a16-b11e-a1a9ce7314c9]] Error starting new swarm CodeUpdate.js ctor:swarmChanged
     Err: TypeError: Cannot read property 'tenantId' of null
     Stack: TypeError: Cannot read property 'tenantId' of null
    at getCurrentTenant (c:\work\node_modules\SwarmCore\lib\SwarmCore.js:156:28)
    at startSwarm (c:\work\node_modules\SwarmCore\lib\Adapter.js:218:43)
    at FSWatcher.<anonymous> (c:\work\node_modules\SwarmCore\com\redisComImpl.js:224:29)
    at FSWatcher.EventEmitter.emit (events.js:98:17)
    at FSEvent.FSWatcher._handle.onchange (fs.js:1039:12)
[18-11,13:41][Core[ba6c430a-f5a7-4a16-b11e-a1a9ce7314c9]] Failed uploading swarm file 
     Err: Error: ENOENT, no such file or directory 'C:\work\node_modules\SwarmCore\etc\coreSwarms\CodeUpdate.js'
     Stack: Error: ENOENT, no such file or directory 'C:\work\node_modules\SwarmCore\etc\coreSwarms\CodeUpdate.js'
    at Object.fs.openSync (fs.js:427:18)
    at Object.fs.readFileSync (fs.js:284:15)
    at uploadFile (c:\work\node_modules\SwarmCore\com\redisComImpl.js:252:30)
    at FSWatcher.<anonymous> (c:\work\node_modules\SwarmCore\com\redisComImpl.js:223:29)
    at FSWatcher.EventEmitter.emit (events.js:98:17)
    at FSEvent.FSWatcher._handle.onchange (fs.js:1039:12)
[18-11,13:41][Core[ba6c430a-f5a7-4a16-b11e-a1a9ce7314c9]] Error starting new swarm CodeUpdate.js ctor:swarmChanged
     Err: TypeError: Cannot read property 'tenantId' of null
     Stack: TypeError: Cannot read property 'tenantId' of null
    at getCurrentTenant (c:\work\node_modules\SwarmCore\lib\SwarmCore.js:156:28)
    at startSwarm (c:\work\node_modules\SwarmCore\lib\Adapter.js:218:43)
    at FSWatcher.<anonymous> (c:\work\node_modules\SwarmCore\com\redisComImpl.js:224:29)
    at FSWatcher.EventEmitter.emit (events.js:98:17)
    at FSEvent.FSWatcher._handle.onchange (fs.js:1039:12)
[18-11,13:41][Core[ba6c430a-f5a7-4a16-b11e-a1a9ce7314c9]] Error starting new swarm CodeUpdate.js ctor:swarmChanged
     Err: TypeError: Cannot read property 'tenantId' of null
     Stack: TypeError: Cannot read property 'tenantId' of null
    at getCurrentTenant (c:\work\node_modules\SwarmCore\lib\SwarmCore.js:156:28)
    at startSwarm (c:\work\node_modules\SwarmCore\lib\Adapter.js:218:43)
    at FSWatcher.<anonymous> (c:\work\node_modules\SwarmCore\com\redisComImpl.js:224:29)
    at FSWatcher.EventEmitter.emit (events.js:98:17)
    at FSEvent.FSWatcher._handle.onchange (fs.js:1039:12)
[18-11,13:41][Core[ba6c430a-f5a7-4a16-b11e-a1a9ce7314c9]] Error starting new swarm CodeUpdate.js ctor:swarmChanged
     Err: TypeError: Cannot read property 'tenantId' of null
     Stack: TypeError: Cannot read property 'tenantId' of null
    at getCurrentTenant (c:\work\node_modules\SwarmCore\lib\SwarmCore.js:156:28)
    at startSwarm (c:\work\node_modules\SwarmCore\lib\Adapter.js:218:43)
    at FSWatcher.<anonymous> (c:\work\node_modules\SwarmCore\com\redisComImpl.js:224:29)
    at FSWatcher.EventEmitter.emit (events.js:98:17)
    at FSEvent.FSWatcher._handle.onchange (fs.js:1039:12)
