[18-11,13:46][Core[fb2fefb6-6cfa-4f86-9ea0-66dd951c11e9]] Failed uploading swarm file 
     Err: Error: ENOENT, no such file or directory 'C:\work\node_modules\SwarmCore\etc\coreSwarms\CodeUpdate.js'
     Stack: Error: ENOENT, no such file or directory 'C:\work\node_modules\SwarmCore\etc\coreSwarms\CodeUpdate.js'
    at Object.fs.openSync (fs.js:427:18)
    at Object.fs.readFileSync (fs.js:284:15)
    at uploadFile (c:\work\node_modules\SwarmCore\com\redisComImpl.js:252:30)
    at FSWatcher.<anonymous> (c:\work\node_modules\SwarmCore\com\redisComImpl.js:223:29)
    at FSWatcher.EventEmitter.emit (events.js:98:17)
    at FSEvent.FSWatcher._handle.onchange (fs.js:1039:12)
[18-11,13:46][Core[fb2fefb6-6cfa-4f86-9ea0-66dd951c11e9]] Error starting new swarm log.js ctor:err
     Err: TypeError: Cannot read property 'sessionId' of null
     Stack: TypeError: Cannot read property 'sessionId' of null
    at getCurrentSession (c:\work\node_modules\SwarmCore\lib\SwarmCore.js:144:28)
    at startSwarm (c:\work\node_modules\SwarmCore\lib\Adapter.js:220:43)
    at logErr (c:\work\node_modules\SwarmCore\lib\SwarmCore.js:286:17)
    at uploadFile (c:\work\node_modules\SwarmCore\com\redisComImpl.js:258:13)
    at FSWatcher.<anonymous> (c:\work\node_modules\SwarmCore\com\redisComImpl.js:223:29)
    at FSWatcher.EventEmitter.emit (events.js:98:17)
    at FSEvent.FSWatcher._handle.onchange (fs.js:1039:12)
[18-11,13:46][Core[fb2fefb6-6cfa-4f86-9ea0-66dd951c11e9]] Error starting new swarm log.js ctor:err
     Err: TypeError: Cannot read property 'sessionId' of null
     Stack: TypeError: Cannot read property 'sessionId' of null
    at getCurrentSession (c:\work\node_modules\SwarmCore\lib\SwarmCore.js:144:28)
    at startSwarm (c:\work\node_modules\SwarmCore\lib\Adapter.js:220:43)
    at logErr (c:\work\node_modules\SwarmCore\lib\SwarmCore.js:286:17)
    at startSwarm (c:\work\node_modules\SwarmCore\lib\Adapter.js:240:9)
    at logErr (c:\work\node_modules\SwarmCore\lib\SwarmCore.js:286:17)
    at uploadFile (c:\work\node_modules\SwarmCore\com\redisComImpl.js:258:13)
    at FSWatcher.<anonymous> (c:\work\node_modules\SwarmCore\com\redisComImpl.js:223:29)
    at FSWatcher.EventEmitter.emit (events.js:98:17)
    at FSEvent.FSWatcher._handle.onchange (fs.js:1039:12)
[18-11,13:46][Core[fb2fefb6-6cfa-4f86-9ea0-66dd951c11e9]] Error starting new swarm CodeUpdate.js ctor:swarmChanged
     Err: TypeError: Cannot read property 'sessionId' of null
     Stack: TypeError: Cannot read property 'sessionId' of null
    at getCurrentSession (c:\work\node_modules\SwarmCore\lib\SwarmCore.js:144:28)
    at startSwarm (c:\work\node_modules\SwarmCore\lib\Adapter.js:220:43)
    at FSWatcher.<anonymous> (c:\work\node_modules\SwarmCore\com\redisComImpl.js:224:29)
    at FSWatcher.EventEmitter.emit (events.js:98:17)
    at FSEvent.FSWatcher._handle.onchange (fs.js:1039:12)
[18-11,13:46][Core[fb2fefb6-6cfa-4f86-9ea0-66dd951c11e9]] Error starting new swarm log.js ctor:err
     Err: TypeError: Cannot read property 'sessionId' of null
     Stack: TypeError: Cannot read property 'sessionId' of null
    at getCurrentSession (c:\work\node_modules\SwarmCore\lib\SwarmCore.js:144:28)
    at startSwarm (c:\work\node_modules\SwarmCore\lib\Adapter.js:220:43)
    at logErr (c:\work\node_modules\SwarmCore\lib\SwarmCore.js:286:17)
    at startSwarm (c:\work\node_modules\SwarmCore\lib\Adapter.js:240:9)
    at FSWatcher.<anonymous> (c:\work\node_modules\SwarmCore\com\redisComImpl.js:224:29)
    at FSWatcher.EventEmitter.emit (events.js:98:17)
    at FSEvent.FSWatcher._handle.onchange (fs.js:1039:12)
[18-11,13:46][Core[fb2fefb6-6cfa-4f86-9ea0-66dd951c11e9]] Error starting new swarm CodeUpdate.js ctor:swarmChanged
     Err: TypeError: Cannot read property 'sessionId' of null
     Stack: TypeError: Cannot read property 'sessionId' of null
    at getCurrentSession (c:\work\node_modules\SwarmCore\lib\SwarmCore.js:144:28)
    at startSwarm (c:\work\node_modules\SwarmCore\lib\Adapter.js:220:43)
    at FSWatcher.<anonymous> (c:\work\node_modules\SwarmCore\com\redisComImpl.js:224:29)
    at FSWatcher.EventEmitter.emit (events.js:98:17)
    at FSEvent.FSWatcher._handle.onchange (fs.js:1039:12)
[18-11,13:46][Core[fb2fefb6-6cfa-4f86-9ea0-66dd951c11e9]] Error starting new swarm CodeUpdate.js ctor:swarmChanged
     Err: TypeError: Cannot read property 'sessionId' of null
     Stack: TypeError: Cannot read property 'sessionId' of null
    at getCurrentSession (c:\work\node_modules\SwarmCore\lib\SwarmCore.js:144:28)
    at startSwarm (c:\work\node_modules\SwarmCore\lib\Adapter.js:220:43)
    at FSWatcher.<anonymous> (c:\work\node_modules\SwarmCore\com\redisComImpl.js:224:29)
    at FSWatcher.EventEmitter.emit (events.js:98:17)
    at FSEvent.FSWatcher._handle.onchange (fs.js:1039:12)
[18-11,13:47][Core[fb2fefb6-6cfa-4f86-9ea0-66dd951c11e9]] Failed uploading swarm file 
     Err: Error: ENOENT, no such file or directory 'C:\work\node_modules\SwarmCore\etc\coreSwarms\CodeUpdate.js'
     Stack: Error: ENOENT, no such file or directory 'C:\work\node_modules\SwarmCore\etc\coreSwarms\CodeUpdate.js'
    at Object.fs.openSync (fs.js:427:18)
    at Object.fs.readFileSync (fs.js:284:15)
    at uploadFile (c:\work\node_modules\SwarmCore\com\redisComImpl.js:252:30)
    at FSWatcher.<anonymous> (c:\work\node_modules\SwarmCore\com\redisComImpl.js:223:29)
    at FSWatcher.EventEmitter.emit (events.js:98:17)
    at FSEvent.FSWatcher._handle.onchange (fs.js:1039:12)
[18-11,13:47][Core[fb2fefb6-6cfa-4f86-9ea0-66dd951c11e9]] Error starting new swarm CodeUpdate.js ctor:swarmChanged
     Err: TypeError: Cannot read property 'sessionId' of null
     Stack: TypeError: Cannot read property 'sessionId' of null
    at getCurrentSession (c:\work\node_modules\SwarmCore\lib\SwarmCore.js:144:28)
    at startSwarm (c:\work\node_modules\SwarmCore\lib\Adapter.js:220:43)
    at FSWatcher.<anonymous> (c:\work\node_modules\SwarmCore\com\redisComImpl.js:224:29)
    at FSWatcher.EventEmitter.emit (events.js:98:17)
    at FSEvent.FSWatcher._handle.onchange (fs.js:1039:12)
[18-11,13:47][Core[fb2fefb6-6cfa-4f86-9ea0-66dd951c11e9]] Error starting new swarm CodeUpdate.js ctor:swarmChanged
     Err: TypeError: Cannot read property 'sessionId' of null
     Stack: TypeError: Cannot read property 'sessionId' of null
    at getCurrentSession (c:\work\node_modules\SwarmCore\lib\SwarmCore.js:144:28)
    at startSwarm (c:\work\node_modules\SwarmCore\lib\Adapter.js:220:43)
    at FSWatcher.<anonymous> (c:\work\node_modules\SwarmCore\com\redisComImpl.js:224:29)
    at FSWatcher.EventEmitter.emit (events.js:98:17)
    at FSEvent.FSWatcher._handle.onchange (fs.js:1039:12)
[18-11,13:47][Core[fb2fefb6-6cfa-4f86-9ea0-66dd951c11e9]] Error starting new swarm CodeUpdate.js ctor:swarmChanged
     Err: TypeError: Cannot read property 'sessionId' of null
     Stack: TypeError: Cannot read property 'sessionId' of null
    at getCurrentSession (c:\work\node_modules\SwarmCore\lib\SwarmCore.js:144:28)
    at startSwarm (c:\work\node_modules\SwarmCore\lib\Adapter.js:220:43)
    at FSWatcher.<anonymous> (c:\work\node_modules\SwarmCore\com\redisComImpl.js:224:29)
    at FSWatcher.EventEmitter.emit (events.js:98:17)
    at FSEvent.FSWatcher._handle.onchange (fs.js:1039:12)
