[18-11,15:37][Core[d9d45c25-0079-4f99-abe5-62921ebfc91d]] uncaughtException
     Err: TypeError: Property '_onTimeout' of object [object Object] is not a function
     Stack: TypeError: Property '_onTimeout' of object [object Object] is not a function
    at Timer.listOnTimeout [as ontimeout] (timers.js:110:15)
[18-11,15:37][Core[d9d45c25-0079-4f99-abe5-62921ebfc91d]] uncaughtException
     Err: TypeError: Property '_onTimeout' of object [object Object] is not a function
     Stack: TypeError: Property '_onTimeout' of object [object Object] is not a function
    at Timer.listOnTimeout [as ontimeout] (timers.js:110:15)
    at timers.js:117:18
    at process._tickCallback (node.js:415:13)
    at process._tickFromSpinner (node.js:390:15)
[18-11,15:37][Core[d9d45c25-0079-4f99-abe5-62921ebfc91d]] uncaughtException
     Err: TypeError: Property '_onTimeout' of object [object Object] is not a function
     Stack: TypeError: Property '_onTimeout' of object [object Object] is not a function
    at Timer.listOnTimeout [as ontimeout] (timers.js:110:15)
    at timers.js:117:18
    at process._tickCallback (node.js:415:13)
[18-11,15:38][Core[d9d45c25-0079-4f99-abe5-62921ebfc91d]] uncaughtException
     Err: TypeError: Property '_onTimeout' of object [object Object] is not a function
     Stack: TypeError: Property '_onTimeout' of object [object Object] is not a function
    at Timer.listOnTimeout [as ontimeout] (timers.js:110:15)
[18-11,15:38][Core[d9d45c25-0079-4f99-abe5-62921ebfc91d]] uncaughtException
     Err: TypeError: Property '_onTimeout' of object [object Object] is not a function
     Stack: TypeError: Property '_onTimeout' of object [object Object] is not a function
    at Timer.listOnTimeout [as ontimeout] (timers.js:110:15)
    at timers.js:117:18
    at process._tickCallback (node.js:415:13)
    at process._tickFromSpinner (node.js:390:15)
[18-11,15:38][Core[d9d45c25-0079-4f99-abe5-62921ebfc91d]] uncaughtException
     Err: TypeError: Property '_onTimeout' of object [object Object] is not a function
     Stack: TypeError: Property '_onTimeout' of object [object Object] is not a function
    at Timer.listOnTimeout [as ontimeout] (timers.js:110:15)
    at timers.js:117:18
    at process._tickCallback (node.js:415:13)
