[17-11,18:4][Core[6122efa8-18e7-4ae3-84c3-62d5f5113977]] Failed uploading swarm file 
     Err: TypeError: Object #<Object> has no method 'compileSwarm'
     Stack: TypeError: Object #<Object> has no method 'compileSwarm'
    at uploadFile (c:\work\node_modules\SwarmCore\com\redisComImpl.js:255:21)
    at c:\work\node_modules\SwarmCore\com\redisComImpl.js:228:21
    at Array.forEach (native)
    at uploadDescriptionsImpl (c:\work\node_modules\SwarmCore\com\redisComImpl.js:218:23)
    at RedisClient.onCmdRedisReady (c:\work\node_modules\SwarmCore\com\redisComImpl.js:31:13)
    at RedisClient.EventEmitter.emit (events.js:92:17)
    at RedisClient.on_ready (c:\work\node_modules\redis\index.js:361:10)
    at RedisClient.on_info_cmd (c:\work\node_modules\redis\index.js:394:14)
    at c:\work\node_modules\redis\index.js:418:14
    at try_callback (c:\work\node_modules\redis\index.js:573:9)
[17-11,18:4][Core[6122efa8-18e7-4ae3-84c3-62d5f5113977]] Error starting new swarm log.js ctor:err
     Err: ReferenceError: util is not defined
     Stack: ReferenceError: util is not defined
    at startSwarm (c:\work\node_modules\SwarmCore\lib\Adapter.js:210:24)
    at logErr (c:\work\node_modules\SwarmCore\lib\SwarmCore.js:278:17)
    at uploadFile (c:\work\node_modules\SwarmCore\com\redisComImpl.js:261:13)
    at c:\work\node_modules\SwarmCore\com\redisComImpl.js:228:21
    at Array.forEach (native)
    at uploadDescriptionsImpl (c:\work\node_modules\SwarmCore\com\redisComImpl.js:218:23)
    at RedisClient.onCmdRedisReady (c:\work\node_modules\SwarmCore\com\redisComImpl.js:31:13)
    at RedisClient.EventEmitter.emit (events.js:92:17)
    at RedisClient.on_ready (c:\work\node_modules\redis\index.js:361:10)
    at RedisClient.on_info_cmd (c:\work\node_modules\redis\index.js:394:14)
[17-11,18:4][Core[6122efa8-18e7-4ae3-84c3-62d5f5113977]] Error starting new swarm log.js ctor:err
     Err: ReferenceError: util is not defined
     Stack: ReferenceError: util is not defined
    at startSwarm (c:\work\node_modules\SwarmCore\lib\Adapter.js:210:24)
    at logErr (c:\work\node_modules\SwarmCore\lib\SwarmCore.js:278:17)
    at startSwarm (c:\work\node_modules\SwarmCore\lib\Adapter.js:240:9)
    at logErr (c:\work\node_modules\SwarmCore\lib\SwarmCore.js:278:17)
    at uploadFile (c:\work\node_modules\SwarmCore\com\redisComImpl.js:261:13)
    at c:\work\node_modules\SwarmCore\com\redisComImpl.js:228:21
    at Array.forEach (native)
    at uploadDescriptionsImpl (c:\work\node_modules\SwarmCore\com\redisComImpl.js:218:23)
    at RedisClient.onCmdRedisReady (c:\work\node_modules\SwarmCore\com\redisComImpl.js:31:13)
    at RedisClient.EventEmitter.emit (events.js:92:17)
[17-11,18:4][Core[6122efa8-18e7-4ae3-84c3-62d5f5113977]] Failed uploading swarm file 
     Err: TypeError: Object #<Object> has no method 'compileSwarm'
     Stack: TypeError: Object #<Object> has no method 'compileSwarm'
    at uploadFile (c:\work\node_modules\SwarmCore\com\redisComImpl.js:255:21)
    at c:\work\node_modules\SwarmCore\com\redisComImpl.js:228:21
    at Array.forEach (native)
    at uploadDescriptionsImpl (c:\work\node_modules\SwarmCore\com\redisComImpl.js:218:23)
    at RedisClient.onCmdRedisReady (c:\work\node_modules\SwarmCore\com\redisComImpl.js:31:13)
    at RedisClient.EventEmitter.emit (events.js:92:17)
    at RedisClient.on_ready (c:\work\node_modules\redis\index.js:361:10)
    at RedisClient.on_info_cmd (c:\work\node_modules\redis\index.js:394:14)
    at c:\work\node_modules\redis\index.js:418:14
    at try_callback (c:\work\node_modules\redis\index.js:573:9)
[17-11,18:4][Core[6122efa8-18e7-4ae3-84c3-62d5f5113977]] Error starting new swarm log.js ctor:err
     Err: ReferenceError: util is not defined
     Stack: ReferenceError: util is not defined
    at startSwarm (c:\work\node_modules\SwarmCore\lib\Adapter.js:210:24)
    at logErr (c:\work\node_modules\SwarmCore\lib\SwarmCore.js:278:17)
    at uploadFile (c:\work\node_modules\SwarmCore\com\redisComImpl.js:261:13)
    at c:\work\node_modules\SwarmCore\com\redisComImpl.js:228:21
    at Array.forEach (native)
    at uploadDescriptionsImpl (c:\work\node_modules\SwarmCore\com\redisComImpl.js:218:23)
    at RedisClient.onCmdRedisReady (c:\work\node_modules\SwarmCore\com\redisComImpl.js:31:13)
    at RedisClient.EventEmitter.emit (events.js:92:17)
    at RedisClient.on_ready (c:\work\node_modules\redis\index.js:361:10)
    at RedisClient.on_info_cmd (c:\work\node_modules\redis\index.js:394:14)
[17-11,18:4][Core[6122efa8-18e7-4ae3-84c3-62d5f5113977]] Failed uploading swarm file 
     Err: TypeError: Object #<Object> has no method 'compileSwarm'
     Stack: TypeError: Object #<Object> has no method 'compileSwarm'
    at uploadFile (c:\work\node_modules\SwarmCore\com\redisComImpl.js:255:21)
    at c:\work\node_modules\SwarmCore\com\redisComImpl.js:228:21
    at Array.forEach (native)
    at uploadDescriptionsImpl (c:\work\node_modules\SwarmCore\com\redisComImpl.js:218:23)
    at RedisClient.onCmdRedisReady (c:\work\node_modules\SwarmCore\com\redisComImpl.js:31:13)
    at RedisClient.EventEmitter.emit (events.js:92:17)
    at RedisClient.on_ready (c:\work\node_modules\redis\index.js:361:10)
    at RedisClient.on_info_cmd (c:\work\node_modules\redis\index.js:394:14)
    at c:\work\node_modules\redis\index.js:418:14
    at try_callback (c:\work\node_modules\redis\index.js:573:9)
[17-11,18:4][Core[6122efa8-18e7-4ae3-84c3-62d5f5113977]] Failed uploading swarm file 
     Err: TypeError: Object #<Object> has no method 'compileSwarm'
     Stack: TypeError: Object #<Object> has no method 'compileSwarm'
    at uploadFile (c:\work\node_modules\SwarmCore\com\redisComImpl.js:255:21)
    at c:\work\node_modules\SwarmCore\com\redisComImpl.js:228:21
    at Array.forEach (native)
    at uploadDescriptionsImpl (c:\work\node_modules\SwarmCore\com\redisComImpl.js:218:23)
    at RedisClient.onCmdRedisReady (c:\work\node_modules\SwarmCore\com\redisComImpl.js:31:13)
    at RedisClient.EventEmitter.emit (events.js:92:17)
    at RedisClient.on_ready (c:\work\node_modules\redis\index.js:361:10)
    at RedisClient.on_info_cmd (c:\work\node_modules\redis\index.js:394:14)
    at c:\work\node_modules\redis\index.js:418:14
    at try_callback (c:\work\node_modules\redis\index.js:573:9)
[17-11,18:4][Core[6122efa8-18e7-4ae3-84c3-62d5f5113977]] Failed uploading swarm file 
     Err: TypeError: Object #<Object> has no method 'compileSwarm'
     Stack: TypeError: Object #<Object> has no method 'compileSwarm'
    at uploadFile (c:\work\node_modules\SwarmCore\com\redisComImpl.js:255:21)
    at c:\work\node_modules\SwarmCore\com\redisComImpl.js:228:21
    at Array.forEach (native)
    at uploadDescriptionsImpl (c:\work\node_modules\SwarmCore\com\redisComImpl.js:218:23)
    at RedisClient.onCmdRedisReady (c:\work\node_modules\SwarmCore\com\redisComImpl.js:31:13)
    at RedisClient.EventEmitter.emit (events.js:92:17)
    at RedisClient.on_ready (c:\work\node_modules\redis\index.js:361:10)
    at RedisClient.on_info_cmd (c:\work\node_modules\redis\index.js:394:14)
    at c:\work\node_modules\redis\index.js:418:14
    at try_callback (c:\work\node_modules\redis\index.js:573:9)
[17-11,18:4][Core[6122efa8-18e7-4ae3-84c3-62d5f5113977]] Failed uploading swarm file 
     Err: TypeError: Object #<Object> has no method 'compileSwarm'
     Stack: TypeError: Object #<Object> has no method 'compileSwarm'
    at uploadFile (c:\work\node_modules\SwarmCore\com\redisComImpl.js:255:21)
    at c:\work\node_modules\SwarmCore\com\redisComImpl.js:228:21
    at Array.forEach (native)
    at uploadDescriptionsImpl (c:\work\node_modules\SwarmCore\com\redisComImpl.js:218:23)
    at RedisClient.onCmdRedisReady (c:\work\node_modules\SwarmCore\com\redisComImpl.js:31:13)
    at RedisClient.EventEmitter.emit (events.js:92:17)
    at RedisClient.on_ready (c:\work\node_modules\redis\index.js:361:10)
    at RedisClient.on_info_cmd (c:\work\node_modules\redis\index.js:394:14)
    at c:\work\node_modules\redis\index.js:418:14
    at try_callback (c:\work\node_modules\redis\index.js:573:9)
[17-11,18:4][Core[6122efa8-18e7-4ae3-84c3-62d5f5113977]] Failed uploading swarm file 
     Err: TypeError: Object #<Object> has no method 'compileSwarm'
     Stack: TypeError: Object #<Object> has no method 'compileSwarm'
    at uploadFile (c:\work\node_modules\SwarmCore\com\redisComImpl.js:255:21)
    at c:\work\node_modules\SwarmCore\com\redisComImpl.js:228:21
    at Array.forEach (native)
    at uploadDescriptionsImpl (c:\work\node_modules\SwarmCore\com\redisComImpl.js:218:23)
    at RedisClient.onCmdRedisReady (c:\work\node_modules\SwarmCore\com\redisComImpl.js:31:13)
    at RedisClient.EventEmitter.emit (events.js:92:17)
    at RedisClient.on_ready (c:\work\node_modules\redis\index.js:361:10)
    at RedisClient.on_info_cmd (c:\work\node_modules\redis\index.js:394:14)
    at c:\work\node_modules\redis\index.js:418:14
    at try_callback (c:\work\node_modules\redis\index.js:573:9)
[17-11,18:4][Core[6122efa8-18e7-4ae3-84c3-62d5f5113977]] Failed uploading swarm file 
     Err: TypeError: Object #<Object> has no method 'compileSwarm'
     Stack: TypeError: Object #<Object> has no method 'compileSwarm'
    at uploadFile (c:\work\node_modules\SwarmCore\com\redisComImpl.js:255:21)
    at c:\work\node_modules\SwarmCore\com\redisComImpl.js:228:21
    at Array.forEach (native)
    at uploadDescriptionsImpl (c:\work\node_modules\SwarmCore\com\redisComImpl.js:218:23)
    at RedisClient.onCmdRedisReady (c:\work\node_modules\SwarmCore\com\redisComImpl.js:31:13)
    at RedisClient.EventEmitter.emit (events.js:92:17)
    at RedisClient.on_ready (c:\work\node_modules\redis\index.js:361:10)
    at RedisClient.on_info_cmd (c:\work\node_modules\redis\index.js:394:14)
    at c:\work\node_modules\redis\index.js:418:14
    at try_callback (c:\work\node_modules\redis\index.js:573:9)
