[17-11,17:31][Core[1ef0f876-19dd-483e-98ec-8bc3e3459c9f]] Failed uploading swarm file 
     Err: ReferenceError: branch is not defined
     Stack: ReferenceError: branch is not defined
    at makeRedisKey (c:\work\node_modules\SwarmCore\com\redisComImpl.js:226:26)
    at uploadFile (c:\work\node_modules\SwarmCore\com\redisComImpl.js:234:36)
    at c:\work\node_modules\SwarmCore\com\redisComImpl.js:215:21
    at Array.forEach (native)
    at RedisComImpl.uploadDescriptions (c:\work\node_modules\SwarmCore\com\redisComImpl.js:205:23)
    at Object.<anonymous> (c:\work\node_modules\SwarmCore\etc\adapters\Core.js:7:30)
    at Module._compile (module.js:456:26)
    at Object.Module._extensions..js (module.js:474:10)
    at Module.load (module.js:356:32)
    at Function.Module._load (module.js:312:12)
[17-11,17:31][Core[1ef0f876-19dd-483e-98ec-8bc3e3459c9f]] Error starting new swarm log.js ctor:err
     Err: ReferenceError: util is not defined
     Stack: ReferenceError: util is not defined
    at startSwarm (c:\work\node_modules\SwarmCore\lib\Adapter.js:210:24)
    at logErr (c:\work\node_modules\SwarmCore\lib\SwarmCore.js:278:17)
    at uploadFile (c:\work\node_modules\SwarmCore\com\redisComImpl.js:241:13)
    at c:\work\node_modules\SwarmCore\com\redisComImpl.js:215:21
    at Array.forEach (native)
    at RedisComImpl.uploadDescriptions (c:\work\node_modules\SwarmCore\com\redisComImpl.js:205:23)
    at Object.<anonymous> (c:\work\node_modules\SwarmCore\etc\adapters\Core.js:7:30)
    at Module._compile (module.js:456:26)
    at Object.Module._extensions..js (module.js:474:10)
    at Module.load (module.js:356:32)
[17-11,17:31][Core[1ef0f876-19dd-483e-98ec-8bc3e3459c9f]] Error starting new swarm log.js ctor:err
     Err: ReferenceError: util is not defined
     Stack: ReferenceError: util is not defined
    at startSwarm (c:\work\node_modules\SwarmCore\lib\Adapter.js:210:24)
    at logErr (c:\work\node_modules\SwarmCore\lib\SwarmCore.js:278:17)
    at startSwarm (c:\work\node_modules\SwarmCore\lib\Adapter.js:240:9)
    at logErr (c:\work\node_modules\SwarmCore\lib\SwarmCore.js:278:17)
    at uploadFile (c:\work\node_modules\SwarmCore\com\redisComImpl.js:241:13)
    at c:\work\node_modules\SwarmCore\com\redisComImpl.js:215:21
    at Array.forEach (native)
    at RedisComImpl.uploadDescriptions (c:\work\node_modules\SwarmCore\com\redisComImpl.js:205:23)
    at Object.<anonymous> (c:\work\node_modules\SwarmCore\etc\adapters\Core.js:7:30)
    at Module._compile (module.js:456:26)
[17-11,17:31][Core[1ef0f876-19dd-483e-98ec-8bc3e3459c9f]] Failed uploading swarm file 
     Err: ReferenceError: branch is not defined
     Stack: ReferenceError: branch is not defined
    at makeRedisKey (c:\work\node_modules\SwarmCore\com\redisComImpl.js:226:26)
    at uploadFile (c:\work\node_modules\SwarmCore\com\redisComImpl.js:234:36)
    at c:\work\node_modules\SwarmCore\com\redisComImpl.js:215:21
    at Array.forEach (native)
    at RedisComImpl.uploadDescriptions (c:\work\node_modules\SwarmCore\com\redisComImpl.js:205:23)
    at Object.<anonymous> (c:\work\node_modules\SwarmCore\etc\adapters\Core.js:7:30)
    at Module._compile (module.js:456:26)
    at Object.Module._extensions..js (module.js:474:10)
    at Module.load (module.js:356:32)
    at Function.Module._load (module.js:312:12)
[17-11,17:31][Core[1ef0f876-19dd-483e-98ec-8bc3e3459c9f]] Error starting new swarm log.js ctor:err
     Err: ReferenceError: util is not defined
     Stack: ReferenceError: util is not defined
    at startSwarm (c:\work\node_modules\SwarmCore\lib\Adapter.js:210:24)
    at logErr (c:\work\node_modules\SwarmCore\lib\SwarmCore.js:278:17)
    at uploadFile (c:\work\node_modules\SwarmCore\com\redisComImpl.js:241:13)
    at c:\work\node_modules\SwarmCore\com\redisComImpl.js:215:21
    at Array.forEach (native)
    at RedisComImpl.uploadDescriptions (c:\work\node_modules\SwarmCore\com\redisComImpl.js:205:23)
    at Object.<anonymous> (c:\work\node_modules\SwarmCore\etc\adapters\Core.js:7:30)
    at Module._compile (module.js:456:26)
    at Object.Module._extensions..js (module.js:474:10)
    at Module.load (module.js:356:32)
[17-11,17:31][Core[1ef0f876-19dd-483e-98ec-8bc3e3459c9f]] Failed uploading swarm file 
     Err: ReferenceError: branch is not defined
     Stack: ReferenceError: branch is not defined
    at makeRedisKey (c:\work\node_modules\SwarmCore\com\redisComImpl.js:226:26)
    at uploadFile (c:\work\node_modules\SwarmCore\com\redisComImpl.js:234:36)
    at c:\work\node_modules\SwarmCore\com\redisComImpl.js:215:21
    at Array.forEach (native)
    at RedisComImpl.uploadDescriptions (c:\work\node_modules\SwarmCore\com\redisComImpl.js:205:23)
    at Object.<anonymous> (c:\work\node_modules\SwarmCore\etc\adapters\Core.js:7:30)
    at Module._compile (module.js:456:26)
    at Object.Module._extensions..js (module.js:474:10)
    at Module.load (module.js:356:32)
    at Function.Module._load (module.js:312:12)
[17-11,17:31][Core[1ef0f876-19dd-483e-98ec-8bc3e3459c9f]] Failed uploading swarm file 
     Err: ReferenceError: branch is not defined
     Stack: ReferenceError: branch is not defined
    at makeRedisKey (c:\work\node_modules\SwarmCore\com\redisComImpl.js:226:26)
    at uploadFile (c:\work\node_modules\SwarmCore\com\redisComImpl.js:234:36)
    at c:\work\node_modules\SwarmCore\com\redisComImpl.js:215:21
    at Array.forEach (native)
    at RedisComImpl.uploadDescriptions (c:\work\node_modules\SwarmCore\com\redisComImpl.js:205:23)
    at Object.<anonymous> (c:\work\node_modules\SwarmCore\etc\adapters\Core.js:7:30)
    at Module._compile (module.js:456:26)
    at Object.Module._extensions..js (module.js:474:10)
    at Module.load (module.js:356:32)
    at Function.Module._load (module.js:312:12)
[17-11,17:31][Core[1ef0f876-19dd-483e-98ec-8bc3e3459c9f]] Failed uploading swarm file 
     Err: ReferenceError: branch is not defined
     Stack: ReferenceError: branch is not defined
    at makeRedisKey (c:\work\node_modules\SwarmCore\com\redisComImpl.js:226:26)
    at uploadFile (c:\work\node_modules\SwarmCore\com\redisComImpl.js:234:36)
    at c:\work\node_modules\SwarmCore\com\redisComImpl.js:215:21
    at Array.forEach (native)
    at RedisComImpl.uploadDescriptions (c:\work\node_modules\SwarmCore\com\redisComImpl.js:205:23)
    at Object.<anonymous> (c:\work\node_modules\SwarmCore\etc\adapters\Core.js:7:30)
    at Module._compile (module.js:456:26)
    at Object.Module._extensions..js (module.js:474:10)
    at Module.load (module.js:356:32)
    at Function.Module._load (module.js:312:12)
[17-11,17:31][Core[1ef0f876-19dd-483e-98ec-8bc3e3459c9f]] Failed uploading swarm file 
     Err: ReferenceError: branch is not defined
     Stack: ReferenceError: branch is not defined
    at makeRedisKey (c:\work\node_modules\SwarmCore\com\redisComImpl.js:226:26)
    at uploadFile (c:\work\node_modules\SwarmCore\com\redisComImpl.js:234:36)
    at c:\work\node_modules\SwarmCore\com\redisComImpl.js:215:21
    at Array.forEach (native)
    at RedisComImpl.uploadDescriptions (c:\work\node_modules\SwarmCore\com\redisComImpl.js:205:23)
    at Object.<anonymous> (c:\work\node_modules\SwarmCore\etc\adapters\Core.js:7:30)
    at Module._compile (module.js:456:26)
    at Object.Module._extensions..js (module.js:474:10)
    at Module.load (module.js:356:32)
    at Function.Module._load (module.js:312:12)
[17-11,17:31][Core[1ef0f876-19dd-483e-98ec-8bc3e3459c9f]] Failed uploading swarm file 
     Err: ReferenceError: branch is not defined
     Stack: ReferenceError: branch is not defined
    at makeRedisKey (c:\work\node_modules\SwarmCore\com\redisComImpl.js:226:26)
    at uploadFile (c:\work\node_modules\SwarmCore\com\redisComImpl.js:234:36)
    at c:\work\node_modules\SwarmCore\com\redisComImpl.js:215:21
    at Array.forEach (native)
    at RedisComImpl.uploadDescriptions (c:\work\node_modules\SwarmCore\com\redisComImpl.js:205:23)
    at Object.<anonymous> (c:\work\node_modules\SwarmCore\etc\adapters\Core.js:7:30)
    at Module._compile (module.js:456:26)
    at Object.Module._extensions..js (module.js:474:10)
    at Module.load (module.js:356:32)
    at Function.Module._load (module.js:312:12)
[17-11,17:31][Core[1ef0f876-19dd-483e-98ec-8bc3e3459c9f]] Failed uploading swarm file 
     Err: ReferenceError: branch is not defined
     Stack: ReferenceError: branch is not defined
    at makeRedisKey (c:\work\node_modules\SwarmCore\com\redisComImpl.js:226:26)
    at uploadFile (c:\work\node_modules\SwarmCore\com\redisComImpl.js:234:36)
    at c:\work\node_modules\SwarmCore\com\redisComImpl.js:215:21
    at Array.forEach (native)
    at RedisComImpl.uploadDescriptions (c:\work\node_modules\SwarmCore\com\redisComImpl.js:205:23)
    at Object.<anonymous> (c:\work\node_modules\SwarmCore\etc\adapters\Core.js:7:30)
    at Module._compile (module.js:456:26)
    at Object.Module._extensions..js (module.js:474:10)
    at Module.load (module.js:356:32)
    at Function.Module._load (module.js:312:12)
