[18-11,15:34][Core[aa548064-6453-4a40-bf27-23ce9289aa43]] uncaughtException
     Err: TypeError: Property '_onTimeout' of object [object Object] is not a function
     Stack: TypeError: Property '_onTimeout' of object [object Object] is not a function
    at Timer.listOnTimeout [as ontimeout] (timers.js:110:15)
[18-11,15:34][Core[aa548064-6453-4a40-bf27-23ce9289aa43]] uncaughtException
     Err: TypeError: Property '_onTimeout' of object [object Object] is not a function
     Stack: TypeError: Property '_onTimeout' of object [object Object] is not a function
    at Timer.listOnTimeout [as ontimeout] (timers.js:110:15)
[18-11,15:34][Core[aa548064-6453-4a40-bf27-23ce9289aa43]] uncaughtException
     Err: TypeError: Property '_onTimeout' of object [object Object] is not a function
     Stack: TypeError: Property '_onTimeout' of object [object Object] is not a function
    at Timer.listOnTimeout [as ontimeout] (timers.js:110:15)
    at timers.js:117:18
    at process._tickCallback (node.js:415:13)
[18-11,15:35][Core[aa548064-6453-4a40-bf27-23ce9289aa43]] uncaughtException
     Err: TypeError: Property '_onTimeout' of object [object Object] is not a function
     Stack: TypeError: Property '_onTimeout' of object [object Object] is not a function
    at Timer.listOnTimeout [as ontimeout] (timers.js:110:15)
[18-11,15:35][Core[aa548064-6453-4a40-bf27-23ce9289aa43]] uncaughtException
     Err: TypeError: Property '_onTimeout' of object [object Object] is not a function
     Stack: TypeError: Property '_onTimeout' of object [object Object] is not a function
    at Timer.listOnTimeout [as ontimeout] (timers.js:110:15)
    at timers.js:117:18
    at process._tickCallback (node.js:415:13)
    at process._tickFromSpinner (node.js:390:15)
[18-11,15:35][Core[aa548064-6453-4a40-bf27-23ce9289aa43]] uncaughtException
     Err: TypeError: Property '_onTimeout' of object [object Object] is not a function
     Stack: TypeError: Property '_onTimeout' of object [object Object] is not a function
    at Timer.listOnTimeout [as ontimeout] (timers.js:110:15)
    at timers.js:117:18
    at process._tickCallback (node.js:415:13)
[18-11,15:37][Core[aa548064-6453-4a40-bf27-23ce9289aa43]] uncaughtException
     Err: TypeError: Property '_onTimeout' of object [object Object] is not a function
     Stack: TypeError: Property '_onTimeout' of object [object Object] is not a function
    at Timer.listOnTimeout [as ontimeout] (timers.js:110:15)
[18-11,15:37][Core[aa548064-6453-4a40-bf27-23ce9289aa43]] uncaughtException
     Err: TypeError: Property '_onTimeout' of object [object Object] is not a function
     Stack: TypeError: Property '_onTimeout' of object [object Object] is not a function
    at Timer.listOnTimeout [as ontimeout] (timers.js:110:15)
    at timers.js:117:18
    at process._tickCallback (node.js:415:13)
    at process._tickFromSpinner (node.js:390:15)
[18-11,15:37][Core[aa548064-6453-4a40-bf27-23ce9289aa43]] uncaughtException
     Err: TypeError: Property '_onTimeout' of object [object Object] is not a function
     Stack: TypeError: Property '_onTimeout' of object [object Object] is not a function
    at Timer.listOnTimeout [as ontimeout] (timers.js:110:15)
    at timers.js:117:18
    at process._tickCallback (node.js:415:13)
